{"C:\\Users\\MonicaPriyaR\\Desktop\\Backend\\TypeScriptExpressTest\\knexfile.js": {"path":"C:\\Users\\MonicaPriyaR\\Desktop\\Backend\\TypeScriptExpressTest\\knexfile.js","statementMap":{"0":{"start":{"line":6,"column":13},"end":{"line":6,"column":28}},"1":{"start":{"line":8,"column":18},"end":{"line":8,"column":61}},"2":{"start":{"line":9,"column":0},"end":{"line":20,"column":2}}},"fnMap":{},"branchMap":{},"s":{"0":1,"1":1,"2":1},"f":{},"b":{},"_coverageSchema":"1a1c01bbd47fc00a2c39e90264f33305004495a9","hash":"1d4152503fad9ead005e603f5f29a9c60b57bb3f"}
,"C:\\Users\\MonicaPriyaR\\Desktop\\Backend\\TypeScriptExpressTest\\src\\app.js": {"path":"C:\\Users\\MonicaPriyaR\\Desktop\\Backend\\TypeScriptExpressTest\\src\\app.js","statementMap":{"0":{"start":{"line":2,"column":16},"end":{"line":2,"column":34}},"1":{"start":{"line":3,"column":0},"end":{"line":3,"column":27}},"2":{"start":{"line":5,"column":16},"end":{"line":5,"column":25}},"3":{"start":{"line":6,"column":4},"end":{"line":6,"column":28}},"4":{"start":{"line":7,"column":4},"end":{"line":7,"column":52}},"5":{"start":{"line":8,"column":23},"end":{"line":8,"column":53}},"6":{"start":{"line":9,"column":4},"end":{"line":9,"column":34}},"7":{"start":{"line":10,"column":4},"end":{"line":10,"column":15}},"8":{"start":{"line":12,"column":0},"end":{"line":12,"column":23}}},"fnMap":{"0":{"name":"myApp","decl":{"start":{"line":4,"column":9},"end":{"line":4,"column":14}},"loc":{"start":{"line":4,"column":17},"end":{"line":11,"column":1}},"line":4}},"branchMap":{},"s":{"0":1,"1":1,"2":1,"3":1,"4":1,"5":1,"6":1,"7":1,"8":1},"f":{"0":1},"b":{},"_coverageSchema":"1a1c01bbd47fc00a2c39e90264f33305004495a9","hash":"2138759b6be06ab0e24060e746755f9c4bdadad9"}
,"C:\\Users\\MonicaPriyaR\\Desktop\\Backend\\TypeScriptExpressTest\\src\\Routes\\userRoutes.js": {"path":"C:\\Users\\MonicaPriyaR\\Desktop\\Backend\\TypeScriptExpressTest\\src\\Routes\\userRoutes.js","statementMap":{"0":{"start":{"line":2,"column":19},"end":{"line":2,"column":37}},"1":{"start":{"line":3,"column":24},"end":{"line":3,"column":71}},"2":{"start":{"line":4,"column":19},"end":{"line":4,"column":27}},"3":{"start":{"line":5,"column":0},"end":{"line":5,"column":49}},"4":{"start":{"line":6,"column":0},"end":{"line":6,"column":52}},"5":{"start":{"line":7,"column":0},"end":{"line":7,"column":28}}},"fnMap":{},"branchMap":{},"s":{"0":1,"1":1,"2":1,"3":1,"4":1,"5":1},"f":{},"b":{},"_coverageSchema":"1a1c01bbd47fc00a2c39e90264f33305004495a9","hash":"9114ab8c68d215841833967e18e1a92fd2b722c9"}
,"C:\\Users\\MonicaPriyaR\\Desktop\\Backend\\TypeScriptExpressTest\\src\\models\\controllers\\userController.js": {"path":"C:\\Users\\MonicaPriyaR\\Desktop\\Backend\\TypeScriptExpressTest\\src\\models\\controllers\\userController.js","statementMap":{"0":{"start":{"line":2,"column":16},"end":{"line":10,"column":1}},"1":{"start":{"line":3,"column":28},"end":{"line":3,"column":110}},"2":{"start":{"line":3,"column":91},"end":{"line":3,"column":106}},"3":{"start":{"line":4,"column":4},"end":{"line":9,"column":7}},"4":{"start":{"line":5,"column":36},"end":{"line":5,"column":97}},"5":{"start":{"line":5,"column":42},"end":{"line":5,"column":70}},"6":{"start":{"line":5,"column":85},"end":{"line":5,"column":95}},"7":{"start":{"line":6,"column":35},"end":{"line":6,"column":100}},"8":{"start":{"line":6,"column":41},"end":{"line":6,"column":73}},"9":{"start":{"line":6,"column":88},"end":{"line":6,"column":98}},"10":{"start":{"line":7,"column":32},"end":{"line":7,"column":116}},"11":{"start":{"line":8,"column":8},"end":{"line":8,"column":78}},"12":{"start":{"line":11,"column":0},"end":{"line":11,"column":62}},"13":{"start":{"line":12,"column":21},"end":{"line":12,"column":56}},"14":{"start":{"line":13,"column":13},"end":{"line":13,"column":30}},"15":{"start":{"line":14,"column":10},"end":{"line":14,"column":39}},"16":{"start":{"line":17,"column":8},"end":{"line":25,"column":11}},"17":{"start":{"line":18,"column":25},"end":{"line":18,"column":54}},"18":{"start":{"line":19,"column":12},"end":{"line":24,"column":13}},"19":{"start":{"line":20,"column":16},"end":{"line":20,"column":71}},"20":{"start":{"line":23,"column":16},"end":{"line":23,"column":42}},"21":{"start":{"line":28,"column":8},"end":{"line":45,"column":11}},"22":{"start":{"line":29,"column":23},"end":{"line":29,"column":31}},"23":{"start":{"line":30,"column":12},"end":{"line":43,"column":13}},"24":{"start":{"line":31,"column":16},"end":{"line":31,"column":40}},"25":{"start":{"line":32,"column":16},"end":{"line":32,"column":81}},"26":{"start":{"line":35,"column":16},"end":{"line":42,"column":17}},"27":{"start":{"line":36,"column":37},"end":{"line":36,"column":71}},"28":{"start":{"line":37,"column":20},"end":{"line":37,"column":85}},"29":{"start":{"line":40,"column":20},"end":{"line":40,"column":61}},"30":{"start":{"line":41,"column":20},"end":{"line":41,"column":32}},"31":{"start":{"line":48,"column":0},"end":{"line":48,"column":38}}},"fnMap":{"0":{"name":"(anonymous_0)","decl":{"start":{"line":2,"column":44},"end":{"line":2,"column":45}},"loc":{"start":{"line":2,"column":89},"end":{"line":10,"column":1}},"line":2},"1":{"name":"adopt","decl":{"start":{"line":3,"column":13},"end":{"line":3,"column":18}},"loc":{"start":{"line":3,"column":26},"end":{"line":3,"column":112}},"line":3},"2":{"name":"(anonymous_2)","decl":{"start":{"line":3,"column":70},"end":{"line":3,"column":71}},"loc":{"start":{"line":3,"column":89},"end":{"line":3,"column":108}},"line":3},"3":{"name":"(anonymous_3)","decl":{"start":{"line":4,"column":36},"end":{"line":4,"column":37}},"loc":{"start":{"line":4,"column":63},"end":{"line":9,"column":5}},"line":4},"4":{"name":"fulfilled","decl":{"start":{"line":5,"column":17},"end":{"line":5,"column":26}},"loc":{"start":{"line":5,"column":34},"end":{"line":5,"column":99}},"line":5},"5":{"name":"rejected","decl":{"start":{"line":6,"column":17},"end":{"line":6,"column":25}},"loc":{"start":{"line":6,"column":33},"end":{"line":6,"column":102}},"line":6},"6":{"name":"step","decl":{"start":{"line":7,"column":17},"end":{"line":7,"column":21}},"loc":{"start":{"line":7,"column":30},"end":{"line":7,"column":118}},"line":7},"7":{"name":"(anonymous_7)","decl":{"start":{"line":16,"column":4},"end":{"line":16,"column":5}},"loc":{"start":{"line":16,"column":23},"end":{"line":26,"column":5}},"line":16},"8":{"name":"(anonymous_8)","decl":{"start":{"line":17,"column":47},"end":{"line":17,"column":48}},"loc":{"start":{"line":17,"column":60},"end":{"line":25,"column":9}},"line":17},"9":{"name":"(anonymous_9)","decl":{"start":{"line":27,"column":4},"end":{"line":27,"column":5}},"loc":{"start":{"line":27,"column":30},"end":{"line":46,"column":5}},"line":27},"10":{"name":"(anonymous_10)","decl":{"start":{"line":28,"column":47},"end":{"line":28,"column":48}},"loc":{"start":{"line":28,"column":60},"end":{"line":45,"column":9}},"line":28}},"branchMap":{"0":{"loc":{"start":{"line":2,"column":16},"end":{"line":10,"column":1}},"type":"binary-expr","locations":[{"start":{"line":2,"column":17},"end":{"line":2,"column":21}},{"start":{"line":2,"column":25},"end":{"line":2,"column":39}},{"start":{"line":2,"column":44},"end":{"line":10,"column":1}}],"line":2},"1":{"loc":{"start":{"line":3,"column":35},"end":{"line":3,"column":109}},"type":"cond-expr","locations":[{"start":{"line":3,"column":56},"end":{"line":3,"column":61}},{"start":{"line":3,"column":64},"end":{"line":3,"column":109}}],"line":3},"2":{"loc":{"start":{"line":4,"column":16},"end":{"line":4,"column":34}},"type":"binary-expr","locations":[{"start":{"line":4,"column":16},"end":{"line":4,"column":17}},{"start":{"line":4,"column":22},"end":{"line":4,"column":33}}],"line":4},"3":{"loc":{"start":{"line":7,"column":32},"end":{"line":7,"column":115}},"type":"cond-expr","locations":[{"start":{"line":7,"column":46},"end":{"line":7,"column":67}},{"start":{"line":7,"column":70},"end":{"line":7,"column":115}}],"line":7},"4":{"loc":{"start":{"line":8,"column":51},"end":{"line":8,"column":67}},"type":"binary-expr","locations":[{"start":{"line":8,"column":51},"end":{"line":8,"column":61}},{"start":{"line":8,"column":65},"end":{"line":8,"column":67}}],"line":8},"5":{"loc":{"start":{"line":30,"column":12},"end":{"line":43,"column":13}},"type":"if","locations":[{"start":{"line":30,"column":12},"end":{"line":43,"column":13}},{"start":{"line":34,"column":17},"end":{"line":43,"column":13}}],"line":30},"6":{"loc":{"start":{"line":30,"column":16},"end":{"line":30,"column":81}},"type":"binary-expr","locations":[{"start":{"line":30,"column":16},"end":{"line":30,"column":35}},{"start":{"line":30,"column":39},"end":{"line":30,"column":59}},{"start":{"line":30,"column":63},"end":{"line":30,"column":81}}],"line":30}},"s":{"0":1,"1":3,"2":0,"3":4,"4":3,"5":3,"6":0,"7":0,"8":0,"9":0,"10":7,"11":4,"12":1,"13":1,"14":1,"15":1,"16":2,"17":2,"18":2,"19":2,"20":0,"21":2,"22":2,"23":2,"24":1,"25":1,"26":1,"27":1,"28":1,"29":0,"30":0,"31":1},"f":{"0":4,"1":3,"2":0,"3":4,"4":3,"5":0,"6":7,"7":2,"8":2,"9":2,"10":2},"b":{"0":[1,1,1],"1":[3,0],"2":[4,4],"3":[4,3],"4":[4,4],"5":[1,1],"6":[2,1,1]},"_coverageSchema":"1a1c01bbd47fc00a2c39e90264f33305004495a9","hash":"c9f594ad233106c2e1f7544f9af53fa126fa4f95"}
,"C:\\Users\\MonicaPriyaR\\Desktop\\Backend\\TypeScriptExpressTest\\src\\models\\queries\\userQueries.js": {"path":"C:\\Users\\MonicaPriyaR\\Desktop\\Backend\\TypeScriptExpressTest\\src\\models\\queries\\userQueries.js","statementMap":{"0":{"start":{"line":2,"column":16},"end":{"line":10,"column":1}},"1":{"start":{"line":3,"column":28},"end":{"line":3,"column":110}},"2":{"start":{"line":3,"column":91},"end":{"line":3,"column":106}},"3":{"start":{"line":4,"column":4},"end":{"line":9,"column":7}},"4":{"start":{"line":5,"column":36},"end":{"line":5,"column":97}},"5":{"start":{"line":5,"column":42},"end":{"line":5,"column":70}},"6":{"start":{"line":5,"column":85},"end":{"line":5,"column":95}},"7":{"start":{"line":6,"column":35},"end":{"line":6,"column":100}},"8":{"start":{"line":6,"column":41},"end":{"line":6,"column":73}},"9":{"start":{"line":6,"column":88},"end":{"line":6,"column":98}},"10":{"start":{"line":7,"column":32},"end":{"line":7,"column":116}},"11":{"start":{"line":8,"column":8},"end":{"line":8,"column":78}},"12":{"start":{"line":11,"column":0},"end":{"line":11,"column":62}},"13":{"start":{"line":12,"column":13},"end":{"line":12,"column":50}},"14":{"start":{"line":15,"column":8},"end":{"line":17,"column":11}},"15":{"start":{"line":16,"column":12},"end":{"line":16,"column":53}},"16":{"start":{"line":20,"column":8},"end":{"line":23,"column":11}},"17":{"start":{"line":22,"column":12},"end":{"line":22,"column":69}},"18":{"start":{"line":26,"column":0},"end":{"line":26,"column":35}}},"fnMap":{"0":{"name":"(anonymous_0)","decl":{"start":{"line":2,"column":44},"end":{"line":2,"column":45}},"loc":{"start":{"line":2,"column":89},"end":{"line":10,"column":1}},"line":2},"1":{"name":"adopt","decl":{"start":{"line":3,"column":13},"end":{"line":3,"column":18}},"loc":{"start":{"line":3,"column":26},"end":{"line":3,"column":112}},"line":3},"2":{"name":"(anonymous_2)","decl":{"start":{"line":3,"column":70},"end":{"line":3,"column":71}},"loc":{"start":{"line":3,"column":89},"end":{"line":3,"column":108}},"line":3},"3":{"name":"(anonymous_3)","decl":{"start":{"line":4,"column":36},"end":{"line":4,"column":37}},"loc":{"start":{"line":4,"column":63},"end":{"line":9,"column":5}},"line":4},"4":{"name":"fulfilled","decl":{"start":{"line":5,"column":17},"end":{"line":5,"column":26}},"loc":{"start":{"line":5,"column":34},"end":{"line":5,"column":99}},"line":5},"5":{"name":"rejected","decl":{"start":{"line":6,"column":17},"end":{"line":6,"column":25}},"loc":{"start":{"line":6,"column":33},"end":{"line":6,"column":102}},"line":6},"6":{"name":"step","decl":{"start":{"line":7,"column":17},"end":{"line":7,"column":21}},"loc":{"start":{"line":7,"column":30},"end":{"line":7,"column":118}},"line":7},"7":{"name":"(anonymous_7)","decl":{"start":{"line":14,"column":4},"end":{"line":14,"column":5}},"loc":{"start":{"line":14,"column":15},"end":{"line":18,"column":5}},"line":14},"8":{"name":"(anonymous_8)","decl":{"start":{"line":15,"column":47},"end":{"line":15,"column":48}},"loc":{"start":{"line":15,"column":60},"end":{"line":17,"column":9}},"line":15},"9":{"name":"(anonymous_9)","decl":{"start":{"line":19,"column":4},"end":{"line":19,"column":5}},"loc":{"start":{"line":19,"column":20},"end":{"line":24,"column":5}},"line":19},"10":{"name":"(anonymous_10)","decl":{"start":{"line":20,"column":47},"end":{"line":20,"column":48}},"loc":{"start":{"line":20,"column":60},"end":{"line":23,"column":9}},"line":20}},"branchMap":{"0":{"loc":{"start":{"line":2,"column":16},"end":{"line":10,"column":1}},"type":"binary-expr","locations":[{"start":{"line":2,"column":17},"end":{"line":2,"column":21}},{"start":{"line":2,"column":25},"end":{"line":2,"column":39}},{"start":{"line":2,"column":44},"end":{"line":10,"column":1}}],"line":2},"1":{"loc":{"start":{"line":3,"column":35},"end":{"line":3,"column":109}},"type":"cond-expr","locations":[{"start":{"line":3,"column":56},"end":{"line":3,"column":61}},{"start":{"line":3,"column":64},"end":{"line":3,"column":109}}],"line":3},"2":{"loc":{"start":{"line":4,"column":16},"end":{"line":4,"column":34}},"type":"binary-expr","locations":[{"start":{"line":4,"column":16},"end":{"line":4,"column":17}},{"start":{"line":4,"column":22},"end":{"line":4,"column":33}}],"line":4},"3":{"loc":{"start":{"line":7,"column":32},"end":{"line":7,"column":115}},"type":"cond-expr","locations":[{"start":{"line":7,"column":46},"end":{"line":7,"column":67}},{"start":{"line":7,"column":70},"end":{"line":7,"column":115}}],"line":7},"4":{"loc":{"start":{"line":8,"column":51},"end":{"line":8,"column":67}},"type":"binary-expr","locations":[{"start":{"line":8,"column":51},"end":{"line":8,"column":61}},{"start":{"line":8,"column":65},"end":{"line":8,"column":67}}],"line":8}},"s":{"0":1,"1":0,"2":0,"3":0,"4":0,"5":0,"6":0,"7":0,"8":0,"9":0,"10":0,"11":0,"12":1,"13":1,"14":0,"15":0,"16":0,"17":0,"18":1},"f":{"0":0,"1":0,"2":0,"3":0,"4":0,"5":0,"6":0,"7":0,"8":0,"9":0,"10":0},"b":{"0":[1,1,1],"1":[0,0],"2":[0,0],"3":[0,0],"4":[0,0]},"_coverageSchema":"1a1c01bbd47fc00a2c39e90264f33305004495a9","hash":"a6f2890e7ce753056b11e0c009c51188931b0f1f"}
,"C:\\Users\\MonicaPriyaR\\Desktop\\Backend\\TypeScriptExpressTest\\src\\models\\services\\userServices.js": {"path":"C:\\Users\\MonicaPriyaR\\Desktop\\Backend\\TypeScriptExpressTest\\src\\models\\services\\userServices.js","statementMap":{"0":{"start":{"line":2,"column":16},"end":{"line":10,"column":1}},"1":{"start":{"line":3,"column":28},"end":{"line":3,"column":110}},"2":{"start":{"line":3,"column":91},"end":{"line":3,"column":106}},"3":{"start":{"line":4,"column":4},"end":{"line":9,"column":7}},"4":{"start":{"line":5,"column":36},"end":{"line":5,"column":97}},"5":{"start":{"line":5,"column":42},"end":{"line":5,"column":70}},"6":{"start":{"line":5,"column":85},"end":{"line":5,"column":95}},"7":{"start":{"line":6,"column":35},"end":{"line":6,"column":100}},"8":{"start":{"line":6,"column":41},"end":{"line":6,"column":73}},"9":{"start":{"line":6,"column":88},"end":{"line":6,"column":98}},"10":{"start":{"line":7,"column":32},"end":{"line":7,"column":116}},"11":{"start":{"line":8,"column":8},"end":{"line":8,"column":78}},"12":{"start":{"line":11,"column":0},"end":{"line":11,"column":62}},"13":{"start":{"line":12,"column":20},"end":{"line":12,"column":53}},"14":{"start":{"line":15,"column":8},"end":{"line":17,"column":11}},"15":{"start":{"line":16,"column":12},"end":{"line":16,"column":48}},"16":{"start":{"line":20,"column":8},"end":{"line":22,"column":11}},"17":{"start":{"line":21,"column":12},"end":{"line":21,"column":53}},"18":{"start":{"line":25,"column":0},"end":{"line":25,"column":36}}},"fnMap":{"0":{"name":"(anonymous_0)","decl":{"start":{"line":2,"column":44},"end":{"line":2,"column":45}},"loc":{"start":{"line":2,"column":89},"end":{"line":10,"column":1}},"line":2},"1":{"name":"adopt","decl":{"start":{"line":3,"column":13},"end":{"line":3,"column":18}},"loc":{"start":{"line":3,"column":26},"end":{"line":3,"column":112}},"line":3},"2":{"name":"(anonymous_2)","decl":{"start":{"line":3,"column":70},"end":{"line":3,"column":71}},"loc":{"start":{"line":3,"column":89},"end":{"line":3,"column":108}},"line":3},"3":{"name":"(anonymous_3)","decl":{"start":{"line":4,"column":36},"end":{"line":4,"column":37}},"loc":{"start":{"line":4,"column":63},"end":{"line":9,"column":5}},"line":4},"4":{"name":"fulfilled","decl":{"start":{"line":5,"column":17},"end":{"line":5,"column":26}},"loc":{"start":{"line":5,"column":34},"end":{"line":5,"column":99}},"line":5},"5":{"name":"rejected","decl":{"start":{"line":6,"column":17},"end":{"line":6,"column":25}},"loc":{"start":{"line":6,"column":33},"end":{"line":6,"column":102}},"line":6},"6":{"name":"step","decl":{"start":{"line":7,"column":17},"end":{"line":7,"column":21}},"loc":{"start":{"line":7,"column":30},"end":{"line":7,"column":118}},"line":7},"7":{"name":"(anonymous_7)","decl":{"start":{"line":14,"column":4},"end":{"line":14,"column":5}},"loc":{"start":{"line":14,"column":15},"end":{"line":18,"column":5}},"line":14},"8":{"name":"(anonymous_8)","decl":{"start":{"line":15,"column":47},"end":{"line":15,"column":48}},"loc":{"start":{"line":15,"column":60},"end":{"line":17,"column":9}},"line":15},"9":{"name":"(anonymous_9)","decl":{"start":{"line":19,"column":4},"end":{"line":19,"column":5}},"loc":{"start":{"line":19,"column":20},"end":{"line":23,"column":5}},"line":19},"10":{"name":"(anonymous_10)","decl":{"start":{"line":20,"column":47},"end":{"line":20,"column":48}},"loc":{"start":{"line":20,"column":60},"end":{"line":22,"column":9}},"line":20}},"branchMap":{"0":{"loc":{"start":{"line":2,"column":16},"end":{"line":10,"column":1}},"type":"binary-expr","locations":[{"start":{"line":2,"column":17},"end":{"line":2,"column":21}},{"start":{"line":2,"column":25},"end":{"line":2,"column":39}},{"start":{"line":2,"column":44},"end":{"line":10,"column":1}}],"line":2},"1":{"loc":{"start":{"line":3,"column":35},"end":{"line":3,"column":109}},"type":"cond-expr","locations":[{"start":{"line":3,"column":56},"end":{"line":3,"column":61}},{"start":{"line":3,"column":64},"end":{"line":3,"column":109}}],"line":3},"2":{"loc":{"start":{"line":4,"column":16},"end":{"line":4,"column":34}},"type":"binary-expr","locations":[{"start":{"line":4,"column":16},"end":{"line":4,"column":17}},{"start":{"line":4,"column":22},"end":{"line":4,"column":33}}],"line":4},"3":{"loc":{"start":{"line":7,"column":32},"end":{"line":7,"column":115}},"type":"cond-expr","locations":[{"start":{"line":7,"column":46},"end":{"line":7,"column":67}},{"start":{"line":7,"column":70},"end":{"line":7,"column":115}}],"line":7},"4":{"loc":{"start":{"line":8,"column":51},"end":{"line":8,"column":67}},"type":"binary-expr","locations":[{"start":{"line":8,"column":51},"end":{"line":8,"column":61}},{"start":{"line":8,"column":65},"end":{"line":8,"column":67}}],"line":8}},"s":{"0":1,"1":3,"2":0,"3":3,"4":3,"5":3,"6":0,"7":0,"8":0,"9":0,"10":6,"11":3,"12":1,"13":1,"14":2,"15":2,"16":1,"17":1,"18":1},"f":{"0":3,"1":3,"2":0,"3":3,"4":3,"5":0,"6":6,"7":2,"8":2,"9":1,"10":1},"b":{"0":[1,1,1],"1":[3,0],"2":[3,3],"3":[3,3],"4":[3,3]},"_coverageSchema":"1a1c01bbd47fc00a2c39e90264f33305004495a9","hash":"57e30dd26c3ce98632fcd137755ad19c02d3f6d1"}
,"C:\\Users\\MonicaPriyaR\\Desktop\\Backend\\TypeScriptExpressTest\\src\\server\\db\\connection.js": {"path":"C:\\Users\\MonicaPriyaR\\Desktop\\Backend\\TypeScriptExpressTest\\src\\server\\db\\connection.js","statementMap":{"0":{"start":{"line":3,"column":15},"end":{"line":3,"column":61}},"1":{"start":{"line":4,"column":0},"end":{"line":4,"column":41}}},"fnMap":{},"branchMap":{},"s":{"0":1,"1":1},"f":{},"b":{},"_coverageSchema":"1a1c01bbd47fc00a2c39e90264f33305004495a9","hash":"b3147f779756788b4ae629b15b1c4f1df4b9e710"}
}
